{
  "stats": {
    "suites": 2,
    "tests": 1,
    "passes": 0,
    "pending": 0,
    "failures": 1,
    "start": "2023-10-20T00:41:07.239Z",
    "end": "2023-10-20T00:41:20.466Z",
    "duration": 13227,
    "testsRegistered": 1,
    "passPercent": 0,
    "pendingPercent": 0,
    "other": 0,
    "hasOther": false,
    "skipped": 0,
    "hasSkipped": false
  },
  "results": [
    {
      "uuid": "22ddf883-dabd-4378-bc48-b80c3b808246",
      "title": "",
      "fullFile": "/home/dyallo/Documents/Proyectos/playground-nightwatch/tests/sampleTest.js",
      "file": "/tests/sampleTest.js",
      "beforeHooks": [],
      "afterHooks": [],
      "tests": [],
      "suites": [
        {
          "uuid": "585fd213-6280-43c5-b9d6-259b8dfcf0ef",
          "title": "Google demo test for Mocha",
          "fullFile": "/home/dyallo/Documents/Proyectos/playground-nightwatch/tests/sampleTest.js",
          "file": "/tests/sampleTest.js",
          "beforeHooks": [],
          "afterHooks": [],
          "tests": [],
          "suites": [
            {
              "uuid": "ee0fde1e-104d-430e-98cf-1077ece2d2fb",
              "title": "with Nightwatch",
              "fullFile": "/home/dyallo/Documents/Proyectos/playground-nightwatch/tests/sampleTest.js",
              "file": "/tests/sampleTest.js",
              "beforeHooks": [
                {
                  "title": "\"before all\" hook in \"with Nightwatch\"",
                  "fullTitle": "Google demo test for Mocha with Nightwatch \"before all\" hook in \"with Nightwatch\"",
                  "timedOut": false,
                  "duration": 11,
                  "state": null,
                  "speed": null,
                  "pass": false,
                  "fail": false,
                  "pending": false,
                  "context": null,
                  "code": "done();",
                  "err": {},
                  "uuid": "2f7ac5c5-0463-402e-b6f1-ec432a49be47",
                  "parentUUID": "ee0fde1e-104d-430e-98cf-1077ece2d2fb",
                  "isHook": true,
                  "skipped": false
                },
                {
                  "title": "\"before each\" hook in \"with Nightwatch\"",
                  "fullTitle": "Google demo test for Mocha with Nightwatch \"before each\" hook in \"with Nightwatch\"",
                  "timedOut": false,
                  "duration": 11,
                  "state": null,
                  "speed": null,
                  "pass": false,
                  "fail": false,
                  "pending": false,
                  "context": null,
                  "code": "done();",
                  "err": {},
                  "uuid": "dc26cecd-0c43-4c9e-977b-6a84c4e98dac",
                  "parentUUID": "ee0fde1e-104d-430e-98cf-1077ece2d2fb",
                  "isHook": true,
                  "skipped": false
                }
              ],
              "afterHooks": [
                {
                  "title": "\"after all\" hook in \"with Nightwatch\"",
                  "fullTitle": "Google demo test for Mocha with Nightwatch \"after all\" hook in \"with Nightwatch\"",
                  "timedOut": false,
                  "duration": 22,
                  "state": null,
                  "speed": null,
                  "pass": false,
                  "fail": false,
                  "pending": false,
                  "context": null,
                  "code": "browser.end(function () {\n    done();\n});",
                  "err": {},
                  "uuid": "88f6241e-0f70-4161-b99f-bbb3b7e4178a",
                  "parentUUID": "ee0fde1e-104d-430e-98cf-1077ece2d2fb",
                  "isHook": true,
                  "skipped": false
                },
                {
                  "title": "\"after each\" hook in \"with Nightwatch\"",
                  "fullTitle": "Google demo test for Mocha with Nightwatch \"after each\" hook in \"with Nightwatch\"",
                  "timedOut": false,
                  "duration": 10,
                  "state": null,
                  "speed": null,
                  "pass": false,
                  "fail": false,
                  "pending": false,
                  "context": null,
                  "code": "done();",
                  "err": {},
                  "uuid": "8c5e9f09-9242-4658-8a8b-c68d7b4d8ca0",
                  "parentUUID": "ee0fde1e-104d-430e-98cf-1077ece2d2fb",
                  "isHook": true,
                  "skipped": false
                }
              ],
              "tests": [
                {
                  "title": "uses BDD to run the Google simple test",
                  "fullTitle": "Google demo test for Mocha with Nightwatch uses BDD to run the Google simple test",
                  "timedOut": false,
                  "duration": 12087,
                  "state": "failed",
                  "speed": null,
                  "pass": false,
                  "fail": true,
                  "pending": false,
                  "context": null,
                  "code": "browser\n    .url('https://google.com')\n    .expect.element('body').to.be.present.before(1000);\nbrowser.setValue('input[type=text]', ['nightwatch', browser.Keys.ENTER])\n    .pause(1000)\n    .assert.containsText('#main', 'Night Watch');",
                  "err": {
                    "message": "NightwatchAssertError: Testing if element <#main> contains text 'Night Watch' in 5000ms - expected \"contains text 'Night Watch'\" but got: \"element could not be located\" (5041ms)",
                    "estack": "    at Proxy.<anonymous> (node_modules/nightwatch/lib/api/index.js:157:30)\n    at Context.<anonymous> (tests/sampleTest.js:30:25)\n    at Runnable.__runFn (node_modules/nightwatch/lib/runner/test-runners/mocha/custom-runnable.js:105:30)\n    at Runnable.run (node_modules/nightwatch/lib/testsuite/runnable.js:126:21)\n    at TestSuite.executeRunnable (node_modules/nightwatch/lib/testsuite/index.js:912:49)\n    at TestSuite.handleRunnable (node_modules/nightwatch/lib/testsuite/index.js:927:33)\n    at module.exports (node_modules/nightwatch/lib/runner/test-runners/mocha/custom-runnable.js:83:37)\n    at Test.<anonymous> (node_modules/nightwatch/lib/runner/test-runners/mocha/extensions.js:18:31)",
                    "diff": null
                  },
                  "uuid": "4ee53b7e-bc9d-40c8-b763-7015e9f5d296",
                  "parentUUID": "ee0fde1e-104d-430e-98cf-1077ece2d2fb",
                  "isHook": false,
                  "skipped": false
                }
              ],
              "suites": [],
              "passes": [],
              "failures": [
                "4ee53b7e-bc9d-40c8-b763-7015e9f5d296"
              ],
              "pending": [],
              "skipped": [],
              "duration": 12087,
              "root": false,
              "rootEmpty": false,
              "_timeout": 20000
            }
          ],
          "passes": [],
          "failures": [],
          "pending": [],
          "skipped": [],
          "duration": 0,
          "root": false,
          "rootEmpty": false,
          "_timeout": 20000
        }
      ],
      "passes": [],
      "failures": [],
      "pending": [],
      "skipped": [],
      "duration": 0,
      "root": true,
      "rootEmpty": true,
      "_timeout": 20000
    }
  ],
  "meta": {
    "mocha": {
      "version": "9.2.2"
    },
    "mochawesome": {
      "options": {
        "quiet": false,
        "reportFilename": "mochawesome",
        "saveHtml": true,
        "saveJson": true,
        "consoleReporter": "spec",
        "useInlineDiffs": false,
        "code": true
      },
      "version": "7.1.3"
    },
    "marge": {
      "options": {
        "reportDir": "html-report"
      },
      "version": "6.2.0"
    }
  }
}